Library/Bee/Android/Prj/Mono2x/Gradle/launcher/build/intermediates/manifest_merge_blame_file/release/manifest-merger-blame-release-report.txt
1<?xml version="1.0" encoding="utf-8"?>
2<manifest xmlns:android="http://schemas.android.com/apk/res/android"
3    package="com.UkraineCompany.RetroStyle_Arena3D"
4    android:installLocation="preferExternal"
5    android:versionCode="1"
6    android:versionName="0.1" >
7
8    <uses-sdk
9        android:minSdkVersion="22"
9-->src\main\AndroidManifest.xml
10        android:targetSdkVersion="30" />
10-->src\main\AndroidManifest.xml
11
12    <supports-screens
12-->src\main\AndroidManifest.xml:3:3-163
13        android:anyDensity="true"
13-->src\main\AndroidManifest.xml:3:135-160
14        android:largeScreens="true"
14-->src\main\AndroidManifest.xml:3:78-105
15        android:normalScreens="true"
15-->src\main\AndroidManifest.xml:3:49-77
16        android:smallScreens="true"
16-->src\main\AndroidManifest.xml:3:21-48
17        android:xlargeScreens="true" />
17-->src\main\AndroidManifest.xml:3:106-134
18
19    <uses-feature android:glEsVersion="0x00020000" />
19-->[:unityLibrary] AndroidManifest.xml:12:5-54
19-->[:unityLibrary] AndroidManifest.xml:12:19-51
20
21    <uses-permission android:name="android.permission.INTERNET" />
21-->[:unityLibrary] AndroidManifest.xml:14:5-67
21-->[:unityLibrary] AndroidManifest.xml:14:22-64
22    <uses-permission android:name="android.permission.ACCESS_NETWORK_STATE" />
22-->[:unityLibrary] AndroidManifest.xml:15:5-79
22-->[:unityLibrary] AndroidManifest.xml:15:22-76
23
24    <uses-feature
24-->[:unityLibrary] AndroidManifest.xml:17:5-19:36
25        android:name="android.hardware.touchscreen"
25-->[:unityLibrary] AndroidManifest.xml:18:9-52
26        android:required="false" />
26-->[:unityLibrary] AndroidManifest.xml:19:9-33
27    <uses-feature
27-->[:unityLibrary] AndroidManifest.xml:20:5-22:36
28        android:name="android.hardware.touchscreen.multitouch"
28-->[:unityLibrary] AndroidManifest.xml:21:9-63
29        android:required="false" />
29-->[:unityLibrary] AndroidManifest.xml:22:9-33
30    <uses-feature
30-->[:unityLibrary] AndroidManifest.xml:23:5-25:36
31        android:name="android.hardware.touchscreen.multitouch.distinct"
31-->[:unityLibrary] AndroidManifest.xml:24:9-72
32        android:required="false" />
32-->[:unityLibrary] AndroidManifest.xml:25:9-33
33
34    <uses-permission android:name="com.android.vending.BILLING" />
34-->[:billing-5.1.0:] AndroidManifest.xml:10:5-67
34-->[:billing-5.1.0:] AndroidManifest.xml:10:22-64
35    <!--
36    This has been added to conform with requirement from Android 11 (API level 30) onwards
37    (http://screen/9iGdBMRWDmVbRJ6), after getting confirmation in http://yaqs/995038231927980032#a1
38    -->
39    <queries>
39-->[:billing-5.1.0:] AndroidManifest.xml:16:5-20:15
40        <intent>
40-->[:billing-5.1.0:] AndroidManifest.xml:17:9-19:18
41            <action android:name="com.android.vending.billing.InAppBillingService.BIND" />
41-->[:billing-5.1.0:] AndroidManifest.xml:18:13-91
41-->[:billing-5.1.0:] AndroidManifest.xml:18:21-88
42        </intent>
43    </queries>
44
45    <uses-permission android:name="com.google.android.gms.permission.AD_ID" />
45-->[:UnityAds:] AndroidManifest.xml:11:5-79
45-->[:UnityAds:] AndroidManifest.xml:11:22-76
46
47    <application
47-->src\main\AndroidManifest.xml:4:3-121
48        android:banner="@drawable/app_banner"
48-->src\main\AndroidManifest.xml:4:81-118
49        android:extractNativeLibs="true"
49-->[:unityLibrary] AndroidManifest.xml:28:9-41
50        android:icon="@mipmap/app_icon"
50-->src\main\AndroidManifest.xml:4:49-80
51        android:isGame="true"
51-->[:unityLibrary] AndroidManifest.xml:29:9-30
52        android:label="@string/app_name" >
52-->src\main\AndroidManifest.xml:4:16-48
53        <activity
53-->[:unityLibrary] AndroidManifest.xml:30:9-51:20
54            android:name="com.unity3d.player.UnityPlayerActivity"
54-->[:unityLibrary] AndroidManifest.xml:31:13-66
55            android:configChanges="mcc|mnc|locale|touchscreen|keyboard|keyboardHidden|navigation|orientation|screenLayout|uiMode|screenSize|smallestScreenSize|fontScale|layoutDirection|density"
55-->[:unityLibrary] AndroidManifest.xml:32:13-194
56            android:hardwareAccelerated="false"
56-->[:unityLibrary] AndroidManifest.xml:33:13-48
57            android:launchMode="singleTask"
57-->[:unityLibrary] AndroidManifest.xml:34:13-44
58            android:resizeableActivity="false"
58-->[:unityLibrary] AndroidManifest.xml:35:13-47
59            android:screenOrientation="fullUser"
59-->[:unityLibrary] AndroidManifest.xml:36:13-49
60            android:theme="@style/UnityThemeSelector" >
60-->[:unityLibrary] AndroidManifest.xml:37:13-54
61            <intent-filter>
61-->[:unityLibrary] AndroidManifest.xml:38:13-43:29
62                <action android:name="android.intent.action.MAIN" />
62-->[:unityLibrary] AndroidManifest.xml:39:17-69
62-->[:unityLibrary] AndroidManifest.xml:39:25-66
63
64                <category android:name="android.intent.category.LAUNCHER" />
64-->[:unityLibrary] AndroidManifest.xml:41:17-77
64-->[:unityLibrary] AndroidManifest.xml:41:27-74
65                <category android:name="android.intent.category.LEANBACK_LAUNCHER" />
65-->[:unityLibrary] AndroidManifest.xml:42:17-86
65-->[:unityLibrary] AndroidManifest.xml:42:27-83
66            </intent-filter>
67
68            <meta-data
68-->[:unityLibrary] AndroidManifest.xml:45:13-47:40
69                android:name="unityplayer.UnityActivity"
69-->[:unityLibrary] AndroidManifest.xml:46:17-57
70                android:value="true" />
70-->[:unityLibrary] AndroidManifest.xml:47:17-37
71            <meta-data
71-->[:unityLibrary] AndroidManifest.xml:48:13-50:40
72                android:name="android.notch_support"
72-->[:unityLibrary] AndroidManifest.xml:49:17-53
73                android:value="true" />
73-->[:unityLibrary] AndroidManifest.xml:50:17-37
74        </activity>
75
76        <meta-data
76-->[:unityLibrary] AndroidManifest.xml:53:9-55:33
77            android:name="unity.splash-mode"
77-->[:unityLibrary] AndroidManifest.xml:54:13-45
78            android:value="0" />
78-->[:unityLibrary] AndroidManifest.xml:55:13-30
79        <meta-data
79-->[:unityLibrary] AndroidManifest.xml:56:9-58:36
80            android:name="unity.splash-enable"
80-->[:unityLibrary] AndroidManifest.xml:57:13-47
81            android:value="True" />
81-->[:unityLibrary] AndroidManifest.xml:58:13-33
82        <meta-data
82-->[:unityLibrary] AndroidManifest.xml:59:9-61:36
83            android:name="unity.launch-fullscreen"
83-->[:unityLibrary] AndroidManifest.xml:60:13-51
84            android:value="True" />
84-->[:unityLibrary] AndroidManifest.xml:61:13-33
85        <meta-data
85-->[:unityLibrary] AndroidManifest.xml:62:9-64:37
86            android:name="unity.allow-resizable-window"
86-->[:unityLibrary] AndroidManifest.xml:63:13-56
87            android:value="False" />
87-->[:unityLibrary] AndroidManifest.xml:64:13-34
88        <meta-data
88-->[:unityLibrary] AndroidManifest.xml:65:9-67:50
89            android:name="notch.config"
89-->[:unityLibrary] AndroidManifest.xml:66:13-40
90            android:value="portrait|landscape" />
90-->[:unityLibrary] AndroidManifest.xml:67:13-47
91        <meta-data
91-->[:unityLibrary] AndroidManifest.xml:68:9-70:36
92            android:name="unity.auto-report-fully-drawn"
92-->[:unityLibrary] AndroidManifest.xml:69:13-57
93            android:value="true" />
93-->[:unityLibrary] AndroidManifest.xml:70:13-33
94        <meta-data
94-->[:billing-5.1.0:] AndroidManifest.xml:23:9-25:37
95            android:name="com.google.android.play.billingclient.version"
95-->[:billing-5.1.0:] AndroidManifest.xml:24:13-73
96            android:value="5.1.0" />
96-->[:billing-5.1.0:] AndroidManifest.xml:25:13-34
97
98        <activity
98-->[:billing-5.1.0:] AndroidManifest.xml:27:9-31:75
99            android:name="com.android.billingclient.api.ProxyBillingActivity"
99-->[:billing-5.1.0:] AndroidManifest.xml:28:13-78
100            android:configChanges="keyboard|keyboardHidden|screenLayout|screenSize|orientation"
100-->[:billing-5.1.0:] AndroidManifest.xml:29:13-96
101            android:exported="false"
101-->[:billing-5.1.0:] AndroidManifest.xml:30:13-37
102            android:theme="@android:style/Theme.Translucent.NoTitleBar" />
102-->[:billing-5.1.0:] AndroidManifest.xml:31:13-72
103        <activity
103-->[:UnityAds:] AndroidManifest.xml:14:9-18:74
104            android:name="com.unity3d.services.ads.adunit.AdUnitActivity"
104-->[:UnityAds:] AndroidManifest.xml:15:13-74
105            android:configChanges="fontScale|keyboard|keyboardHidden|locale|mnc|mcc|navigation|orientation|screenLayout|screenSize|smallestScreenSize|uiMode|touchscreen"
105-->[:UnityAds:] AndroidManifest.xml:16:13-170
106            android:hardwareAccelerated="true"
106-->[:UnityAds:] AndroidManifest.xml:17:13-47
107            android:theme="@android:style/Theme.NoTitleBar.Fullscreen" />
107-->[:UnityAds:] AndroidManifest.xml:18:13-71
108        <activity
108-->[:UnityAds:] AndroidManifest.xml:19:9-23:86
109            android:name="com.unity3d.services.ads.adunit.AdUnitTransparentActivity"
109-->[:UnityAds:] AndroidManifest.xml:20:13-85
110            android:configChanges="fontScale|keyboard|keyboardHidden|locale|mnc|mcc|navigation|orientation|screenLayout|screenSize|smallestScreenSize|uiMode|touchscreen"
110-->[:UnityAds:] AndroidManifest.xml:21:13-170
111            android:hardwareAccelerated="true"
111-->[:UnityAds:] AndroidManifest.xml:22:13-47
112            android:theme="@android:style/Theme.Translucent.NoTitleBar.Fullscreen" />
112-->[:UnityAds:] AndroidManifest.xml:23:13-83
113        <activity
113-->[:UnityAds:] AndroidManifest.xml:24:9-28:86
114            android:name="com.unity3d.services.ads.adunit.AdUnitTransparentSoftwareActivity"
114-->[:UnityAds:] AndroidManifest.xml:25:13-93
115            android:configChanges="fontScale|keyboard|keyboardHidden|locale|mnc|mcc|navigation|orientation|screenLayout|screenSize|smallestScreenSize|uiMode|touchscreen"
115-->[:UnityAds:] AndroidManifest.xml:26:13-170
116            android:hardwareAccelerated="false"
116-->[:UnityAds:] AndroidManifest.xml:27:13-48
117            android:theme="@android:style/Theme.Translucent.NoTitleBar.Fullscreen" />
117-->[:UnityAds:] AndroidManifest.xml:28:13-83
118        <activity
118-->[:UnityAds:] AndroidManifest.xml:29:9-33:74
119            android:name="com.unity3d.services.ads.adunit.AdUnitSoftwareActivity"
119-->[:UnityAds:] AndroidManifest.xml:30:13-82
120            android:configChanges="fontScale|keyboard|keyboardHidden|locale|mnc|mcc|navigation|orientation|screenLayout|screenSize|smallestScreenSize|uiMode|touchscreen"
120-->[:UnityAds:] AndroidManifest.xml:31:13-170
121            android:hardwareAccelerated="false"
121-->[:UnityAds:] AndroidManifest.xml:32:13-48
122            android:theme="@android:style/Theme.NoTitleBar.Fullscreen" />
122-->[:UnityAds:] AndroidManifest.xml:33:13-71
123    </application>
124
125</manifest>